",
cf-2017-12-26.html",
cf-2017-12-27.html",
cf-2017-12-28.html",
cf-2017-12-29.html",
cf-2017-12-30.html",
cf-2017-12-31.html",
cf-2018-01-01.html",
cf-2018-01-02.html",
cf-2018-01-03.html",
cf-2018-01-04.html",
cf-2018-01-05.html",
cf-2018-01-06.html",
cf-2018-01-07.html",
cf-2018-01-08.html",
cf-2018-01-09.html",
cf-2018-01-10.html",
cf-2018-01-11.html",
cf-2018-01-12.html",
cf-2018-01-13.html",
cf-2018-01-14.html",
cf-2018-01-15.html",
cf-2018-01-16.html",
cf-2018-01-17.html",
cf-2018-01-18.html",
cf-2018-01-19.html",
cf-2018-01-20.html",
cf-2018-01-21.html",
cf-2018-01-22.html",
cf-2018-01-23.html",
cf-2018-01-24.html",
cf-2018-01-25.html",
cf-2018-01-26.html",
cf-2018-01-27.html",
cf-2018-01-28.html",
cf-2018-01-29.html",
cf-2018-01-30.html",
cf-2018-01-31.html",
cf-2018-02-01.html",
cf-2018-02-02.html",
cf-2018-02-03.html",
cf-2018-02-04.html",
cl-2017-12-18.html",
cl-2017-12-19.html",
cl-2017-12-20.html",
cl-2017-12-21.html",
cl-2017-12-22.html",
cl-2017-12-23.html",
cl-2017-12-24.html",
cl-2017-12-25.html",
cl-2017-12-26.html",
cl-2017-12-27.html",
cl-2017-12-28.html",
cl-2017-12-29.html",
cl-2017-12-30.html",
cl-2017-12-31.html",
cl-2018-01-01.html",
cl-2018-01-02.html",
cl-2018-01-03.html",
cl-2018-01-04.html",
cl-2018-01-05.html",
cl-2018-01-06.html",
cl-2018-01-07.html",
cl-2018-01-08.html",
cl-2018-01-09.html",
cl-2018-01-10.html",
cl-2018-01-11.html",
cl-2018-01-12.html",
cl-2018-01-13.html",
cl-2018-01-14.html",
cl-2018-01-15.html",
cl-2018-01-16.html",
cl-2018-01-17.html",
cl-2018-01-18.html",
cl-2018-01-19.html",
cl-2018-01-20.html",
cl-2018-01-21.html",
cl-2018-01-22.html",
cl-2018-01-23.html",
cl-2018-01-24.html",
cl-2018-01-25.html",
cl-2018-01-26.html",
cl-2018-01-27.html",
cl-2018-01-28.html",
cl-2018-01-29.html",
cl-2018-01-30.html",
cl-2018-01-31.html",
cl-2018-02-01.html",
cl-2018-02-02.html",
cl-2018-02-03.html",
cl-2018-02-04.html",
cn-2017-12-18.html",
cn-2017-12-19.html",
cn-2017-12-20.html",
cn-2017-12-21.html",
cn-2017-12-22.html",
cn-2017-12-23.html",
cn-2017-12-24.html",
cn-2017-12-25.html",
cn-2017-12-26.html",
cn-2017-12-27.html",
cn-2017-12-28.html",
cn-2017-12-29.html",
cn-2017-12-30.html",
cn-2017-12-31.html",
cn-2018-01-01.html",
cn-2018-01-02.html",
cn-2018-01-03.html",
cn-2018-01-04.html",
cn-2018-01-05.html",
cn-2018-01-06.html",
cn-2018-01-07.html",
cn-2018-01-08.html",
cn-2018-01-09.html",
cn-2018-01-10.html",
cn-2018-01-11.html",
cn-2018-01-12.html",
cn-2018-01-13.html",
cn-2018-01-14.html",
cn-2018-01-15.html",
cn-2018-01-16.html",
cn-2018-01-17.html",
cn-2018-01-18.html",
cn-2018-01-19.html",
cn-2018-01-20.html",
cn-2018-01-21.html",
cn-2018-01-22.html",
cn-2018-01-23.html",
cn-2018-01-24.html",
cn-2018-01-25.html",
cn-2018-01-26.html",
cn-2018-01-27.html",
cn-2018-01-28.html",
cn-2018-01-29.html",
cn-2018-01-30.html",
cn-2018-01-31.html",
cn-2018-02-01.html",
cn-2018-02-02.html",
cn-2018-02-03.html",
cn-2018-02-04.html",
cp-2017-12-18.html",
cp-2017-12-19.html",
cp-2017-12-20.html",
cp-2017-12-21.html",
cp-2017-12-22.html",
cp-2017-12-23.html",
cp-2017-12-24.html",
cp-2017-12-25.html",
cp-2017-12-26.html",
cp-2017-12-27.html",
cp-2017-12-28.html",
cp-2017-12-29.html",
cp-2017-12-30.html",
cp-2017-12-31.html",
cp-2018-01-01.html",
cp-2018-01-02.html",
cp-2018-01-03.html",
cp-2018-01-04.html",
cp-2018-01-05.html",
cp-2018-01-06.html",
cp-2018-01-07.html",
cp-2018-01-08.html",
cp-2018-01-09.html",
cp-2018-01-10.html",
cp-2018-01-11.html",
cp-2018-01-12.html",
cp-2018-01-13.html",
cp-2018-01-14.html",
cp-2018-01-15.html",
cp-2018-01-16.html",
cp-2018-01-17.html",
cp-2018-01-18.html",
cp-2018-01-19.html",
cp-2018-01-20.html",
cp-2018-01-21.html",
cp-2018-01-22.html",
cp-2018-01-23.html",
cp-2018-01-24.html",
cp-2018-01-25.html",
cp-2018-01-26.html",
cp-2018-01-27.html",
cp-2018-01-28.html",
cp-2018-01-29.html",
cp-2018-01-30.html",
cp-2018-01-31.html",
cp-2018-02-01.html",
cp-2018-02-02.html",
cp-2018-02-03.html",
cp-2018-02-04.html",
ef-2018-01-14.html",
ef-2018-01-15.html",
ef-2018-01-16.html",
ef-2018-01-17.html",
ef-2018-01-18.html",
ef-2018-01-19.html",
ef-2018-01-20.html",
ef-2018-01-21.html",
ef-2018-01-22.html",
ef-2018-01-23.html",
ef-2018-01-24.html",
ef-2018-01-25.html",
ef-2018-01-26.html",
ef-2018-01-27.html",
ef-2018-01-28.html",
ef-2018-01-29.html",
ef-2018-01-30.html",
ef-2018-01-31.html",
ef-2018-02-01.html",
ef-2018-02-02.html",
ef-2018-02-03.html",
ef-2018-02-04.html",
el-2018-01-14.html",
el-2018-01-15.html",
el-2018-01-16.html",
el-2018-01-17.html",
el-2018-01-18.html",
el-2018-01-19.html",
el-2018-01-20.html",
el-2018-01-21.html",
el-2018-01-22.html",
el-2018-01-23.html",
el-2018-01-24.html",
el-2018-01-25.html",
el-2018-01-26.html",
el-2018-01-27.html",
el-2018-01-28.html",
el-2018-01-29.html",
el-2018-01-30.html",
el-2018-01-31.html",
el-2018-02-01.html",
el-2018-02-02.html",
el-2018-02-03.html",
el-2018-02-04.html",
en-2018-01-14.html",
en-2018-01-15.html",
en-2018-01-16.html",
en-2018-01-17.html",
en-2018-01-18.html",
en-2018-01-19.html",
en-2018-01-20.html",
en-2018-01-21.html",
en-2018-01-22.html",
en-2018-01-23.html",
en-2018-01-24.html",
en-2018-01-25.html",
en-2018-01-26.html",
en-2018-01-27.html",
en-2018-01-28.html",
en-2018-01-29.html",
en-2018-01-30.html",
en-2018-01-31.html",
en-2018-02-01.html",
en-2018-02-02.html",
en-2018-02-03.html",
en-2018-02-04.html",
ep-2018-01-14.html",
ep-2018-01-15.html",
ep-2018-01-16.html",
ep-2018-01-17.html",
ep-2018-01-18.html",
ep-2018-01-19.html",
ep-2018-01-20.html",
ep-2018-01-21.html",
ep-2018-01-22.html",
ep-2018-01-23.html",
ep-2018-01-24.html",
ep-2018-01-25.html",
ep-2018-01-26.html",
ep-2018-01-27.html",
ep-2018-01-28.html",
ep-2018-01-29.html",
ep-2018-01-30.html",
ep-2018-01-31.html",
ep-2018-02-01.html",
ep-2018-02-02.html",
ep-2018-02-03.html",
ep-2018-02-04.html",
